Performing C SOURCE FILE Test CMAKE_HAVE_LIBC_PTHREAD failed with the following output:
Change Dir: C:/Users/Nikolaj/Documents/Code/2023GP/graphics-programming-2023/build/CMakeFiles/CMakeScratch/TryCompile-plyjzw

Run Build Command(s):C:/Program Files/Microsoft Visual Studio/2022/Community/MSBuild/Current/Bin/amd64/MSBuild.exe cmTC_01a58.vcxproj /p:Configuration=Debug /p:Platform=x64 /p:VisualStudioVersion=17.0 /v:m && MSBuild version 17.4.1+9a89d02ff for .NET Framework
  Microsoft (R) C/C++ Optimizing Compiler Version 19.34.31937 for x64
  src.c
  Copyright (C) Microsoft Corporation.  All rights reserved.
  cl /c /Zi /W3 /WX- /diagnostics:column /Od /Ob0 /D _MBCS /D WIN32 /D _WINDOWS /D CMAKE_HAVE_LIBC_PTHREAD /D "CMAKE_INTDIR=\"Debug\"" /Gm- /RTC1 /MDd /GS /fp:precise /Zc:wchar_t /Zc:forScope /Zc:inline /Fo"cmTC_01a58.dir\Debug\\" /Fd"cmTC_01a58.dir\Debug\vc143.pdb" /external:W3 /Gd /TC /errorReport:queue "C:\Users\Nikolaj\Documents\Code\2023GP\graphics-programming-2023\build\CMakeFiles\CMakeScratch\TryCompile-plyjzw\src.c"
C:\Users\Nikolaj\Documents\Code\2023GP\graphics-programming-2023\build\CMakeFiles\CMakeScratch\TryCompile-plyjzw\src.c(1,10): fatal  error C1083: Cannot open include file: 'pthread.h': No such file or directory [C:\Users\Nikolaj\Documents\Code\2023GP\graphics-programming-2023\build\CMakeFiles\CMakeScratch\TryCompile-plyjzw\cmTC_01a58.vcxproj]


Source file was:
#include <pthread.h>

static void* test_func(void* data)
{
  return data;
}

int main(void)
{
  pthread_t thread;
  pthread_create(&thread, NULL, test_func, NULL);
  pthread_detach(thread);
  pthread_cancel(thread);
  pthread_join(thread, NULL);
  pthread_atfork(NULL, NULL, NULL);
  pthread_exit(NULL);

  return 0;
}


Determining if the function pthread_create exists in the pthreads failed with the following output:
Change Dir: C:/Users/Nikolaj/Documents/Code/2023GP/graphics-programming-2023/build/CMakeFiles/CMakeScratch/TryCompile-np5hrv

Run Build Command(s):C:/Program Files/Microsoft Visual Studio/2022/Community/MSBuild/Current/Bin/amd64/MSBuild.exe cmTC_df63e.vcxproj /p:Configuration=Debug /p:Platform=x64 /p:VisualStudioVersion=17.0 /v:m && MSBuild version 17.4.1+9a89d02ff for .NET Framework
  Microsoft (R) C/C++ Optimizing Compiler Version 19.34.31937 for x64
  CheckFunctionExists.c
  Copyright (C) Microsoft Corporation.  All rights reserved.
  cl /c /Zi /W3 /WX- /diagnostics:column /Od /Ob0 /D _MBCS /D WIN32 /D _WINDOWS /D CHECK_FUNCTION_EXISTS=pthread_create /D "CMAKE_INTDIR=\"Debug\"" /Gm- /RTC1 /MDd /GS /fp:precise /Zc:wchar_t /Zc:forScope /Zc:inline /Fo"cmTC_df63e.dir\Debug\\" /Fd"cmTC_df63e.dir\Debug\vc143.pdb" /external:W3 /Gd /TC /errorReport:queue "C:\Users\Nikolaj\Documents\Code\2023GP\graphics-programming-2023\build\CMakeFiles\CMakeScratch\TryCompile-np5hrv\CheckFunctionExists.c"
LINK : fatal error LNK1104: cannot open file 'pthreads.lib' [C:\Users\Nikolaj\Documents\Code\2023GP\graphics-programming-2023\build\CMakeFiles\CMakeScratch\TryCompile-np5hrv\cmTC_df63e.vcxproj]



Determining if the function pthread_create exists in the pthread failed with the following output:
Change Dir: C:/Users/Nikolaj/Documents/Code/2023GP/graphics-programming-2023/build/CMakeFiles/CMakeScratch/TryCompile-q6wpao

Run Build Command(s):C:/Program Files/Microsoft Visual Studio/2022/Community/MSBuild/Current/Bin/amd64/MSBuild.exe cmTC_62bf2.vcxproj /p:Configuration=Debug /p:Platform=x64 /p:VisualStudioVersion=17.0 /v:m && MSBuild version 17.4.1+9a89d02ff for .NET Framework
  Microsoft (R) C/C++ Optimizing Compiler Version 19.34.31937 for x64
  CheckFunctionExists.c
  Copyright (C) Microsoft Corporation.  All rights reserved.
  cl /c /Zi /W3 /WX- /diagnostics:column /Od /Ob0 /D _MBCS /D WIN32 /D _WINDOWS /D CHECK_FUNCTION_EXISTS=pthread_create /D "CMAKE_INTDIR=\"Debug\"" /Gm- /RTC1 /MDd /GS /fp:precise /Zc:wchar_t /Zc:forScope /Zc:inline /Fo"cmTC_62bf2.dir\Debug\\" /Fd"cmTC_62bf2.dir\Debug\vc143.pdb" /external:W3 /Gd /TC /errorReport:queue "C:\Users\Nikolaj\Documents\Code\2023GP\graphics-programming-2023\build\CMakeFiles\CMakeScratch\TryCompile-q6wpao\CheckFunctionExists.c"
LINK : fatal error LNK1104: cannot open file 'pthread.lib' [C:\Users\Nikolaj\Documents\Code\2023GP\graphics-programming-2023\build\CMakeFiles\CMakeScratch\TryCompile-q6wpao\cmTC_62bf2.vcxproj]



